<?xml version='1.0' encoding='UTF-8'?>
<testsuite tests="7" name="controllers.NotesTest" hostname="iMac-Marcin.local" failures="0" time="0.487" errors="0">
                     <properties>
[...]
</properties>
                     <testcase name="'200' is equal to '200'" time="0.0" classname="controllers.NotesTest">
                                                 
                                               </testcase><testcase name="'




&lt;!DOCTYPE html&gt;

&lt;html&gt;
    &lt;head&gt;
        &lt;title&gt;Notes list&lt;/title&gt;
        &lt;link rel=&quot;stylesheet&quot; media=&quot;screen&quot; href=&quot;/assets/stylesheets/main.css&quot;&gt;
        &lt;link rel=&quot;stylesheet&quot; media=&quot;screen&quot; href=&quot;/assets/stylesheets/jquery-themes/smoothness/jquery-ui-1.8.17.custom.css&quot;&gt;
        &lt;link rel=&quot;shortcut icon&quot; type=&quot;image/png&quot; href=&quot;/assets/images/favicon.png&quot;&gt;
        &lt;script src=&quot;/assets/javascripts/jquery-1.7.1.min.js&quot; type=&quot;text/javascript&quot;&gt;&lt;/script&gt;
        &lt;script src=&quot;/assets/javascripts/jquery-ui-1.8.17.custom.min.js&quot; type=&quot;text/javascript&quot;&gt;&lt;/script&gt;
    &lt;/head&gt;
    &lt;body&gt;
        

	&lt;script&gt;
		$(function() {
			$(&quot;#notes&quot;).accordion({ collapsible: true, active: false });
		});
	&lt;/script&gt;

    &lt;h1&gt;2 note(s)&lt;/h1&gt;

	&lt;div id=&quot;notes&quot;&gt;
        
			&lt;h3&gt;Note1 title\n note1 content&lt;/h3&gt;
			&lt;div&gt;&lt;p&gt;
&lt;/p&gt;&lt;/div&gt;
        
			&lt;h3&gt;Note2 title\n note2 content&lt;/h3&gt;
			&lt;div&gt;&lt;p&gt;
&lt;/p&gt;&lt;/div&gt;
        
	&lt;/div&gt;

    &lt;h2&gt;Add a new note&lt;/h2&gt;

     

&lt;form action=&quot;/notes&quot; method=&quot;POST&quot; &gt;
    

        







&lt;dl class=&quot; &quot; id=&quot;content_field&quot;&gt;
    &lt;dt&gt;&lt;label for=&quot;content&quot;&gt;content&lt;/label&gt;&lt;/dt&gt;
    &lt;dd&gt;
    &lt;textarea id=&quot;content&quot; name=&quot;content&quot; &gt;&lt;/textarea&gt;
&lt;/dd&gt;
    
    
        &lt;dd class=&quot;info&quot;&gt;Minimum length: 5&lt;/dd&gt;
    
        &lt;dd class=&quot;info&quot;&gt;Required&lt;/dd&gt;
    
&lt;/dl&gt;



        &lt;input type=&quot;submit&quot; value=&quot;Create&quot;&gt;

    
&lt;/form&gt;



    &lt;/body&gt;
&lt;/html&gt;

' contains 'note2 content'" time="0.0" classname="controllers.NotesTest">
                                                 
                                               </testcase><testcase name="'Note1' is equal to 'Note1'" time="0.0" classname="controllers.NotesTest">
                                                 
                                               </testcase><testcase name="'303' is equal to '303'" time="0.0" classname="controllers.NotesTest">
                                                 
                                               </testcase><testcase name="'400' is equal to '400'" time="0.0" classname="controllers.NotesTest">
                                                 
                                               </testcase><testcase name="'400' is equal to '400'" time="0.0" classname="controllers.NotesTest">
                                                 
                                               </testcase><testcase name="'None' is None" time="0.0" classname="controllers.NotesTest">
                                                 
                                               </testcase>
                     <system-out></system-out>
                     <system-err></system-err>
                   </testsuite>