<?xml version='1.0' encoding='UTF-8'?>
<testsuite tests="3" name="models.NoteTest" hostname="iMac-Marcin.local" failures="0" time="1.012" errors="0">
                     <properties>
[...]
</properties>
                     <testcase name="'Note1' is equal to 'Note1'" time="0.0" classname="models.NoteTest">
                                                 
                                               </testcase><testcase name="'Note 1 title' is equal to 'Note 1 title'" time="0.0" classname="models.NoteTest">
                                                 
                                               </testcase><testcase name="'Note 1 content' is equal to 'Note 1 content'" time="0.0" classname="models.NoteTest">
                                                 
                                               </testcase>
                     <system-out></system-out>
                     <system-err></system-err>
                   </testsuite>